[0.139s] DEBUG:colcon:Command line arguments: ['/usr/bin/colcon', 'build', '--packages-select', 'ROS2_Jetbot_Motor_Controller']
[0.139s] DEBUG:colcon:Parsed command line arguments: Namespace(allow_overriding=[], ament_cmake_args=None, base_paths=['.'], build_base='build', catkin_cmake_args=None, catkin_skip_building_tests=False, cmake_args=None, cmake_clean_cache=False, cmake_clean_first=False, cmake_force_configure=False, cmake_target=None, cmake_target_skip_unavailable=False, continue_on_error=False, event_handlers=None, executor='parallel', ignore_user_meta=False, install_base='install', log_base=None, log_level=None, main=<bound method BuildVerb.main of <colcon_core.verb.build.BuildVerb object at 0x7f01637ac280>>, merge_install=False, metas=['./colcon.meta'], mixin=None, mixin_files=None, mixin_verb=('build',), packages_above=None, packages_above_and_dependencies=None, packages_above_depth=None, packages_end=None, packages_ignore=None, packages_ignore_regex=None, packages_select=['ROS2_Jetbot_Motor_Controller'], packages_select_build_failed=False, packages_select_by_dep=None, packages_select_regex=None, packages_select_test_failures=False, packages_skip=None, packages_skip_build_finished=False, packages_skip_by_dep=None, packages_skip_regex=None, packages_skip_test_passed=False, packages_skip_up_to=None, packages_start=None, packages_up_to=None, packages_up_to_regex=None, parallel_workers=12, paths=None, symlink_install=False, test_result_base=None, verb_extension=<colcon_core.verb.build.BuildVerb object at 0x7f01637ac280>, verb_name='build', verb_parser=<colcon_mixin.mixin.mixin_argument.MixinArgumentDecorator object at 0x7f01637ac850>)
[0.175s] Level 1:colcon.colcon_core.package_discovery:discover_packages(colcon_meta) check parameters
[0.175s] Level 1:colcon.colcon_core.package_discovery:discover_packages(recursive) check parameters
[0.175s] Level 1:colcon.colcon_core.package_discovery:discover_packages(ignore) check parameters
[0.175s] Level 1:colcon.colcon_core.package_discovery:discover_packages(path) check parameters
[0.175s] Level 1:colcon.colcon_core.package_discovery:discover_packages(colcon_meta) discover
[0.175s] Level 1:colcon.colcon_core.package_discovery:discover_packages(recursive) discover
[0.175s] INFO:colcon.colcon_core.package_discovery:Crawling recursively for packages in '/home/kostya/ros2_ws/ROS2_Jetbot_Motor_Controller'
[0.175s] Level 1:colcon.colcon_core.package_identification:_identify(.) by extensions ['ignore', 'ignore_ament_install']
[0.175s] Level 1:colcon.colcon_core.package_identification:_identify(.) by extension 'ignore'
[0.175s] Level 1:colcon.colcon_core.package_identification:_identify(.) by extension 'ignore_ament_install'
[0.175s] Level 1:colcon.colcon_core.package_identification:_identify(.) by extensions ['colcon_pkg']
[0.175s] Level 1:colcon.colcon_core.package_identification:_identify(.) by extension 'colcon_pkg'
[0.175s] Level 1:colcon.colcon_core.package_identification:_identify(.) by extensions ['colcon_meta']
[0.175s] Level 1:colcon.colcon_core.package_identification:_identify(.) by extension 'colcon_meta'
[0.175s] Level 1:colcon.colcon_core.package_identification:_identify(.) by extensions ['ros']
[0.175s] Level 1:colcon.colcon_core.package_identification:_identify(.) by extension 'ros'
[0.188s] DEBUG:colcon.colcon_core.package_identification:Package '.' with type 'ros.ament_python' and name 'ROS2_Jetbot_Motor_Controller'
[0.188s] Level 1:colcon.colcon_core.package_discovery:discover_packages(recursive) using defaults
[0.188s] Level 1:colcon.colcon_core.package_discovery:discover_packages(ignore) discover
[0.188s] Level 1:colcon.colcon_core.package_discovery:discover_packages(ignore) using defaults
[0.188s] Level 1:colcon.colcon_core.package_discovery:discover_packages(path) discover
[0.188s] Level 1:colcon.colcon_core.package_discovery:discover_packages(path) using defaults
[0.203s] Level 1:colcon.colcon_core.package_discovery:discover_packages(prefix_path) check parameters
[0.203s] Level 1:colcon.colcon_core.package_discovery:discover_packages(prefix_path) discover
[0.203s] Level 1:colcon.colcon_core.package_discovery:discover_packages(prefix_path) using defaults
[0.204s] Level 5:colcon.colcon_core.verb:set package 'ROS2_Jetbot_Motor_Controller' build argument 'cmake_args' from command line to 'None'
[0.204s] Level 5:colcon.colcon_core.verb:set package 'ROS2_Jetbot_Motor_Controller' build argument 'cmake_target' from command line to 'None'
[0.204s] Level 5:colcon.colcon_core.verb:set package 'ROS2_Jetbot_Motor_Controller' build argument 'cmake_target_skip_unavailable' from command line to 'False'
[0.204s] Level 5:colcon.colcon_core.verb:set package 'ROS2_Jetbot_Motor_Controller' build argument 'cmake_clean_cache' from command line to 'False'
[0.204s] Level 5:colcon.colcon_core.verb:set package 'ROS2_Jetbot_Motor_Controller' build argument 'cmake_clean_first' from command line to 'False'
[0.204s] Level 5:colcon.colcon_core.verb:set package 'ROS2_Jetbot_Motor_Controller' build argument 'cmake_force_configure' from command line to 'False'
[0.204s] Level 5:colcon.colcon_core.verb:set package 'ROS2_Jetbot_Motor_Controller' build argument 'ament_cmake_args' from command line to 'None'
[0.204s] Level 5:colcon.colcon_core.verb:set package 'ROS2_Jetbot_Motor_Controller' build argument 'catkin_cmake_args' from command line to 'None'
[0.204s] Level 5:colcon.colcon_core.verb:set package 'ROS2_Jetbot_Motor_Controller' build argument 'catkin_skip_building_tests' from command line to 'False'
[0.204s] DEBUG:colcon.colcon_core.verb:Building package 'ROS2_Jetbot_Motor_Controller' with the following arguments: {'ament_cmake_args': None, 'build_base': '/home/kostya/ros2_ws/ROS2_Jetbot_Motor_Controller/build/ROS2_Jetbot_Motor_Controller', 'catkin_cmake_args': None, 'catkin_skip_building_tests': False, 'cmake_args': None, 'cmake_clean_cache': False, 'cmake_clean_first': False, 'cmake_force_configure': False, 'cmake_target': None, 'cmake_target_skip_unavailable': False, 'install_base': '/home/kostya/ros2_ws/ROS2_Jetbot_Motor_Controller/install/ROS2_Jetbot_Motor_Controller', 'merge_install': False, 'path': '/home/kostya/ros2_ws/ROS2_Jetbot_Motor_Controller', 'symlink_install': False, 'test_result_base': None}
[0.204s] INFO:colcon.colcon_core.executor:Executing jobs using 'parallel' executor
[0.205s] DEBUG:colcon.colcon_parallel_executor.executor.parallel:run_until_complete
[0.205s] INFO:colcon.colcon_ros.task.ament_python.build:Building ROS package in '/home/kostya/ros2_ws/ROS2_Jetbot_Motor_Controller' with build type 'ament_python'
[0.205s] Level 1:colcon.colcon_core.shell:create_environment_hook('ROS2_Jetbot_Motor_Controller', 'ament_prefix_path')
[0.207s] INFO:colcon.colcon_core.plugin_system:Skipping extension 'colcon_core.shell.bat': Not used on non-Windows systems
[0.207s] INFO:colcon.colcon_core.shell:Creating environment hook '/home/kostya/ros2_ws/ROS2_Jetbot_Motor_Controller/install/ROS2_Jetbot_Motor_Controller/share/ROS2_Jetbot_Motor_Controller/hook/ament_prefix_path.ps1'
[0.207s] INFO:colcon.colcon_core.shell:Creating environment descriptor '/home/kostya/ros2_ws/ROS2_Jetbot_Motor_Controller/install/ROS2_Jetbot_Motor_Controller/share/ROS2_Jetbot_Motor_Controller/hook/ament_prefix_path.dsv'
[0.208s] INFO:colcon.colcon_core.shell:Creating environment hook '/home/kostya/ros2_ws/ROS2_Jetbot_Motor_Controller/install/ROS2_Jetbot_Motor_Controller/share/ROS2_Jetbot_Motor_Controller/hook/ament_prefix_path.sh'
[0.209s] INFO:colcon.colcon_core.shell:Skip shell extension 'powershell' for command environment: Not usable outside of PowerShell
[0.209s] DEBUG:colcon.colcon_core.shell:Skip shell extension 'dsv' for command environment
[0.353s] INFO:colcon.colcon_core.task.python.build:Building Python package in '/home/kostya/ros2_ws/ROS2_Jetbot_Motor_Controller'
[0.353s] INFO:colcon.colcon_core.shell:Skip shell extension 'powershell' for command environment: Not usable outside of PowerShell
[0.353s] DEBUG:colcon.colcon_core.shell:Skip shell extension 'dsv' for command environment
[0.747s] DEBUG:colcon.colcon_core.event_handler.log_command:Invoking command in '/home/kostya/ros2_ws/ROS2_Jetbot_Motor_Controller': PYTHONPATH=/home/kostya/ros2_ws/ROS2_Jetbot_Motor_Controller/build/ROS2_Jetbot_Motor_Controller/prefix_override:/usr/lib/python3/dist-packages/colcon_core/task/python/colcon_distutils_commands:/home/kostya/ros2_ws/ROS2_Jetbot_Motor_Controller/install/ROS2_Jetbot_Motor_Controller/lib/python3.8/site-packages: /usr/bin/python3 -W ignore:setup.py install is deprecated setup.py egg_info --egg-base build/ROS2_Jetbot_Motor_Controller build --build-base /home/kostya/ros2_ws/ROS2_Jetbot_Motor_Controller/build/ROS2_Jetbot_Motor_Controller/build install --record /home/kostya/ros2_ws/ROS2_Jetbot_Motor_Controller/build/ROS2_Jetbot_Motor_Controller/install.log --single-version-externally-managed install_data
[1.077s] DEBUG:colcon.colcon_core.event_handler.log_command:Invoked command in '/home/kostya/ros2_ws/ROS2_Jetbot_Motor_Controller' returned '0': PYTHONPATH=/home/kostya/ros2_ws/ROS2_Jetbot_Motor_Controller/build/ROS2_Jetbot_Motor_Controller/prefix_override:/usr/lib/python3/dist-packages/colcon_core/task/python/colcon_distutils_commands:/home/kostya/ros2_ws/ROS2_Jetbot_Motor_Controller/install/ROS2_Jetbot_Motor_Controller/lib/python3.8/site-packages: /usr/bin/python3 -W ignore:setup.py install is deprecated setup.py egg_info --egg-base build/ROS2_Jetbot_Motor_Controller build --build-base /home/kostya/ros2_ws/ROS2_Jetbot_Motor_Controller/build/ROS2_Jetbot_Motor_Controller/build install --record /home/kostya/ros2_ws/ROS2_Jetbot_Motor_Controller/build/ROS2_Jetbot_Motor_Controller/install.log --single-version-externally-managed install_data
[1.081s] Level 1:colcon.colcon_core.environment:checking '/home/kostya/ros2_ws/ROS2_Jetbot_Motor_Controller/install/ROS2_Jetbot_Motor_Controller' for CMake module files
[1.082s] Level 1:colcon.colcon_core.environment:checking '/home/kostya/ros2_ws/ROS2_Jetbot_Motor_Controller/install/ROS2_Jetbot_Motor_Controller' for CMake config files
[1.082s] Level 1:colcon.colcon_core.environment:checking '/home/kostya/ros2_ws/ROS2_Jetbot_Motor_Controller/install/ROS2_Jetbot_Motor_Controller/lib'
[1.082s] Level 1:colcon.colcon_core.environment:checking '/home/kostya/ros2_ws/ROS2_Jetbot_Motor_Controller/install/ROS2_Jetbot_Motor_Controller/bin'
[1.082s] Level 1:colcon.colcon_core.environment:checking '/home/kostya/ros2_ws/ROS2_Jetbot_Motor_Controller/install/ROS2_Jetbot_Motor_Controller/lib/pkgconfig/ROS2_Jetbot_Motor_Controller.pc'
[1.083s] Level 1:colcon.colcon_core.environment:checking '/home/kostya/ros2_ws/ROS2_Jetbot_Motor_Controller/install/ROS2_Jetbot_Motor_Controller/lib/python3.8/site-packages'
[1.083s] Level 1:colcon.colcon_core.shell:create_environment_hook('ROS2_Jetbot_Motor_Controller', 'pythonpath')
[1.083s] INFO:colcon.colcon_core.shell:Creating environment hook '/home/kostya/ros2_ws/ROS2_Jetbot_Motor_Controller/install/ROS2_Jetbot_Motor_Controller/share/ROS2_Jetbot_Motor_Controller/hook/pythonpath.ps1'
[1.083s] INFO:colcon.colcon_core.shell:Creating environment descriptor '/home/kostya/ros2_ws/ROS2_Jetbot_Motor_Controller/install/ROS2_Jetbot_Motor_Controller/share/ROS2_Jetbot_Motor_Controller/hook/pythonpath.dsv'
[1.083s] INFO:colcon.colcon_core.shell:Creating environment hook '/home/kostya/ros2_ws/ROS2_Jetbot_Motor_Controller/install/ROS2_Jetbot_Motor_Controller/share/ROS2_Jetbot_Motor_Controller/hook/pythonpath.sh'
[1.084s] Level 1:colcon.colcon_core.environment:checking '/home/kostya/ros2_ws/ROS2_Jetbot_Motor_Controller/install/ROS2_Jetbot_Motor_Controller/bin'
[1.084s] Level 1:colcon.colcon_core.environment:create_environment_scripts_only(ROS2_Jetbot_Motor_Controller)
[1.084s] INFO:colcon.colcon_core.shell:Creating package script '/home/kostya/ros2_ws/ROS2_Jetbot_Motor_Controller/install/ROS2_Jetbot_Motor_Controller/share/ROS2_Jetbot_Motor_Controller/package.ps1'
[1.085s] INFO:colcon.colcon_core.shell:Creating package descriptor '/home/kostya/ros2_ws/ROS2_Jetbot_Motor_Controller/install/ROS2_Jetbot_Motor_Controller/share/ROS2_Jetbot_Motor_Controller/package.dsv'
[1.085s] INFO:colcon.colcon_core.shell:Creating package script '/home/kostya/ros2_ws/ROS2_Jetbot_Motor_Controller/install/ROS2_Jetbot_Motor_Controller/share/ROS2_Jetbot_Motor_Controller/package.sh'
[1.086s] INFO:colcon.colcon_core.shell:Creating package script '/home/kostya/ros2_ws/ROS2_Jetbot_Motor_Controller/install/ROS2_Jetbot_Motor_Controller/share/ROS2_Jetbot_Motor_Controller/package.bash'
[1.087s] INFO:colcon.colcon_core.shell:Creating package script '/home/kostya/ros2_ws/ROS2_Jetbot_Motor_Controller/install/ROS2_Jetbot_Motor_Controller/share/ROS2_Jetbot_Motor_Controller/package.zsh'
[1.088s] Level 1:colcon.colcon_core.environment:create_file_with_runtime_dependencies(/home/kostya/ros2_ws/ROS2_Jetbot_Motor_Controller/install/ROS2_Jetbot_Motor_Controller/share/colcon-core/packages/ROS2_Jetbot_Motor_Controller)
[1.088s] DEBUG:colcon.colcon_parallel_executor.executor.parallel:closing loop
[1.088s] DEBUG:colcon.colcon_parallel_executor.executor.parallel:loop closed
[1.088s] DEBUG:colcon.colcon_parallel_executor.executor.parallel:run_until_complete finished with '0'
[1.088s] DEBUG:colcon.colcon_core.event_reactor:joining thread
[1.092s] INFO:colcon.colcon_core.plugin_system:Skipping extension 'colcon_notification.desktop_notification.terminal_notifier': Not used on non-Darwin systems
[1.092s] INFO:colcon.colcon_core.plugin_system:Skipping extension 'colcon_notification.desktop_notification.win32': Not used on non-Windows systems
[1.092s] INFO:colcon.colcon_notification.desktop_notification:Sending desktop notification using 'notify2'
[1.099s] DEBUG:colcon.colcon_core.event_reactor:joined thread
[1.099s] INFO:colcon.colcon_core.shell:Creating prefix script '/home/kostya/ros2_ws/ROS2_Jetbot_Motor_Controller/install/local_setup.ps1'
[1.100s] INFO:colcon.colcon_core.shell:Creating prefix util module '/home/kostya/ros2_ws/ROS2_Jetbot_Motor_Controller/install/_local_setup_util_ps1.py'
[1.101s] INFO:colcon.colcon_core.shell:Creating prefix chain script '/home/kostya/ros2_ws/ROS2_Jetbot_Motor_Controller/install/setup.ps1'
[1.101s] INFO:colcon.colcon_core.shell:Creating prefix script '/home/kostya/ros2_ws/ROS2_Jetbot_Motor_Controller/install/local_setup.sh'
[1.102s] INFO:colcon.colcon_core.shell:Creating prefix util module '/home/kostya/ros2_ws/ROS2_Jetbot_Motor_Controller/install/_local_setup_util_sh.py'
[1.102s] INFO:colcon.colcon_core.shell:Creating prefix chain script '/home/kostya/ros2_ws/ROS2_Jetbot_Motor_Controller/install/setup.sh'
[1.103s] INFO:colcon.colcon_core.shell:Creating prefix script '/home/kostya/ros2_ws/ROS2_Jetbot_Motor_Controller/install/local_setup.bash'
[1.103s] INFO:colcon.colcon_core.shell:Creating prefix chain script '/home/kostya/ros2_ws/ROS2_Jetbot_Motor_Controller/install/setup.bash'
[1.104s] INFO:colcon.colcon_core.shell:Creating prefix script '/home/kostya/ros2_ws/ROS2_Jetbot_Motor_Controller/install/local_setup.zsh'
[1.104s] INFO:colcon.colcon_core.shell:Creating prefix chain script '/home/kostya/ros2_ws/ROS2_Jetbot_Motor_Controller/install/setup.zsh'
